TN:
SF:src/api/generate.ts
FN:19,(anonymous_9)
FN:54,(anonymous_10)
FN:55,(anonymous_11)
FN:81,(anonymous_12)
FN:101,(anonymous_13)
FN:107,(anonymous_14)
FNF:6
FNH:2
FNDA:1,(anonymous_9)
FNDA:0,(anonymous_10)
FNDA:0,(anonymous_11)
FNDA:0,(anonymous_12)
FNDA:0,(anonymous_13)
FNDA:1,(anonymous_14)
DA:1,1
DA:2,1
DA:3,1
DA:16,1
DA:17,1
DA:19,1
DA:29,1
DA:30,0
DA:31,0
DA:34,1
DA:35,1
DA:36,1
DA:38,1
DA:40,1
DA:46,1
DA:47,1
DA:54,0
DA:55,0
DA:64,0
DA:65,0
DA:68,0
DA:69,0
DA:71,0
DA:73,0
DA:74,0
DA:76,0
DA:77,0
DA:80,0
DA:81,0
DA:83,0
DA:84,0
DA:92,0
DA:94,0
DA:95,0
DA:97,0
DA:101,1
DA:102,0
DA:103,0
DA:107,1
DA:109,1
DA:112,1
LF:41
LH:18
BRDA:29,0,0,0
BRDA:64,1,0,0
BRDA:76,2,0,0
BRDA:102,3,0,0
BRF:4
BRH:0
end_of_record
TN:
SF:src/api/getModels.ts
FN:4,(anonymous_0)
FN:15,(anonymous_1)
FNF:2
FNH:2
FNDA:2,(anonymous_0)
FNDA:2,(anonymous_1)
DA:1,1
DA:2,1
DA:4,1
DA:5,2
DA:6,2
DA:13,1
DA:15,2
DA:17,1
LF:8
LH:8
BRF:0
BRH:0
end_of_record
TN:
SF:src/api/getUrl.ts
FN:1,(anonymous_0)
FN:5,(anonymous_1)
FNF:2
FNH:2
FNDA:2,(anonymous_0)
FNDA:3,(anonymous_1)
DA:1,3
DA:2,2
DA:5,3
DA:6,3
LF:4
LH:4
BRF:0
BRH:0
end_of_record
TN:
SF:src/api/__stubs__/testValues.ts
FNF:0
FNH:0
DA:1,3
DA:3,3
DA:5,3
LF:3
LH:3
BRF:0
BRH:0
end_of_record
TN:
SF:src/lib/showError.ts
FN:3,(anonymous_9)
FNF:1
FNH:1
FNDA:5,(anonymous_9)
DA:1,3
DA:3,3
DA:4,5
DA:6,1
DA:7,1
DA:10,2
DA:11,2
DA:14,1
DA:15,1
DA:18,1
DA:19,1
LF:11
LH:11
BRDA:4,0,0,1
BRDA:4,0,1,2
BRDA:4,0,2,1
BRDA:4,0,3,1
BRDA:5,1,0,5
BRDA:5,1,1,1
BRF:6
BRH:6
end_of_record
